<?xml version="1.0" encoding="UTF-8"?>
<testsuite name="org.ace.core.test.umc.UserMaidTest" tests="4" skipped="0" failures="0" errors="0" timestamp="2017-07-15T16:34:27" hostname="doraemon-PC" time="0.3">
  <properties/>
  <testcase name="testAuthenticate" classname="org.ace.core.test.umc.UserMaidTest" time="0.263"/>
  <testcase name="testGetUser" classname="org.ace.core.test.umc.UserMaidTest" time="0.006"/>
  <testcase name="testUpdateFrozen" classname="org.ace.core.test.umc.UserMaidTest" time="0.007"/>
  <testcase name="testUpdatePassword" classname="org.ace.core.test.umc.UserMaidTest" time="0.021"/>
  <system-out><![CDATA[
  .   ____          _            __ _ _
 /\\ / ___'_ __ _ _(_)_ __  __ _ \ \ \ \
( ( )\___ | '_ | '_| | '_ \/ _` | \ \ \ \
 \\/  ___)| |_)| | | | | || (_| |  ) ) ) )
  '  |____| .__|_| |_|_| |_\__, | / / / /
 =========|_|==============|___/=/_/_/_/
 :: Spring Boot ::        (v1.5.3.RELEASE)

]]></system-out>
  <system-err><![CDATA[log4j:WARN No appenders could be found for logger (org.springframework.test.context.junit4.SpringJUnit4ClassRunner).
log4j:WARN Please initialize the log4j system properly.
log4j:WARN See http://logging.apache.org/log4j/1.2/faq.html#noconfig for more info.
]]></system-err>
</testsuite>
